This is pdfTeX, Version 3.14159265-2.6-1.40.19 (TeX Live 2018/Arch Linux) (preloaded format=pdflatex 2018.7.12)  27 AUG 2018 07:30
entering extended mode
 restricted \write18 enabled.
 %&-line parsing enabled.
**rnapoly.tex
(./rnapoly.tex
LaTeX2e <2018-04-01> patch level 2
Babel <3.18> and hyphenation patterns for 84 language(s) loaded.
(/usr/share/texmf-dist/tex/latex/base/article.cls
Document Class: article 2014/09/29 v1.4h Standard LaTeX document class
(/usr/share/texmf-dist/tex/latex/base/size12.clo
File: size12.clo 2014/09/29 v1.4h Standard LaTeX file (size option)
)
\c@part=\count80
\c@section=\count81
\c@subsection=\count82
\c@subsubsection=\count83
\c@paragraph=\count84
\c@subparagraph=\count85
\c@figure=\count86
\c@table=\count87
\abovecaptionskip=\skip41
\belowcaptionskip=\skip42
\bibindent=\dimen102
)
(/usr/share/texmf-dist/tex/latex/seqsplit/seqsplit.sty
Package: seqsplit 2006/08/07 v0.1 Splitting long sequences (DNA, RNA, proteins,
 etc.) 
)
(/usr/share/texmf-dist/tex/latex/graphics/graphicx.sty
Package: graphicx 2017/06/01 v1.1a Enhanced LaTeX Graphics (DPC,SPQR)

(/usr/share/texmf-dist/tex/latex/graphics/keyval.sty
Package: keyval 2014/10/28 v1.15 key=value parser (DPC)
\KV@toks@=\toks14
)
(/usr/share/texmf-dist/tex/latex/graphics/graphics.sty
Package: graphics 2017/06/25 v1.2c Standard LaTeX Graphics (DPC,SPQR)

(/usr/share/texmf-dist/tex/latex/graphics/trig.sty
Package: trig 2016/01/03 v1.10 sin cos tan (DPC)
)
(/usr/share/texmf-dist/tex/latex/graphics-cfg/graphics.cfg
File: graphics.cfg 2016/06/04 v1.11 sample graphics configuration
)
Package graphics Info: Driver file: pdftex.def on input line 99.

(/usr/share/texmf-dist/tex/latex/graphics-def/pdftex.def
File: pdftex.def 2018/01/08 v1.0l Graphics/color driver for pdftex
))
\Gin@req@height=\dimen103
\Gin@req@width=\dimen104
) (output/rnapoly.aux)
\openout1 = `rnapoly.aux'.

LaTeX Font Info:    Checking defaults for OML/cmm/m/it on input line 9.
LaTeX Font Info:    ... okay on input line 9.
LaTeX Font Info:    Checking defaults for T1/cmr/m/n on input line 9.
LaTeX Font Info:    ... okay on input line 9.
LaTeX Font Info:    Checking defaults for OT1/cmr/m/n on input line 9.
LaTeX Font Info:    ... okay on input line 9.
LaTeX Font Info:    Checking defaults for OMS/cmsy/m/n on input line 9.
LaTeX Font Info:    ... okay on input line 9.
LaTeX Font Info:    Checking defaults for OMX/cmex/m/n on input line 9.
LaTeX Font Info:    ... okay on input line 9.
LaTeX Font Info:    Checking defaults for U/cmr/m/n on input line 9.
LaTeX Font Info:    ... okay on input line 9.
 (/usr/share/texmf-dist/tex/context/base/mkii/supp-pdf.mkii
[Loading MPS to PDF converter (version 2006.09.02).]
\scratchcounter=\count88
\scratchdimen=\dimen105
\scratchbox=\box26
\nofMPsegments=\count89
\nofMParguments=\count90
\everyMPshowfont=\toks15
\MPscratchCnt=\count91
\MPscratchDim=\dimen106
\MPnumerator=\count92
\makeMPintoPDFobject=\count93
\everyMPtoPDFconversion=\toks16
) (/usr/share/texmf-dist/tex/latex/oberdiek/epstopdf-base.sty
Package: epstopdf-base 2016/05/15 v2.6 Base part for package epstopdf

(/usr/share/texmf-dist/tex/generic/oberdiek/infwarerr.sty
Package: infwarerr 2016/05/16 v1.4 Providing info/warning/error messages (HO)
)
(/usr/share/texmf-dist/tex/latex/oberdiek/grfext.sty
Package: grfext 2016/05/16 v1.2 Manage graphics extensions (HO)

(/usr/share/texmf-dist/tex/generic/oberdiek/kvdefinekeys.sty
Package: kvdefinekeys 2016/05/16 v1.4 Define keys (HO)

(/usr/share/texmf-dist/tex/generic/oberdiek/ltxcmds.sty
Package: ltxcmds 2016/05/16 v1.23 LaTeX kernel commands for general use (HO)
)))
(/usr/share/texmf-dist/tex/latex/oberdiek/kvoptions.sty
Package: kvoptions 2016/05/16 v3.12 Key value format for package options (HO)

(/usr/share/texmf-dist/tex/generic/oberdiek/kvsetkeys.sty
Package: kvsetkeys 2016/05/16 v1.17 Key value parser (HO)

(/usr/share/texmf-dist/tex/generic/oberdiek/etexcmds.sty
Package: etexcmds 2016/05/16 v1.6 Avoid name clashes with e-TeX commands (HO)

(/usr/share/texmf-dist/tex/generic/oberdiek/ifluatex.sty
Package: ifluatex 2016/05/16 v1.4 Provides the ifluatex switch (HO)
Package ifluatex Info: LuaTeX not detected.
)
Package etexcmds Info: Could not find \expanded.
(etexcmds)             That can mean that you are not using pdfTeX 1.50 or
(etexcmds)             that some package has redefined \expanded.
(etexcmds)             In the latter case, load this package earlier.
)))
(/usr/share/texmf-dist/tex/generic/oberdiek/pdftexcmds.sty
Package: pdftexcmds 2018/01/30 v0.27 Utility functions of pdfTeX for LuaTeX (HO
)

(/usr/share/texmf-dist/tex/generic/oberdiek/ifpdf.sty
Package: ifpdf 2017/03/15 v3.2 Provides the ifpdf switch
)
Package pdftexcmds Info: LuaTeX not detected.
Package pdftexcmds Info: \pdf@primitive is available.
Package pdftexcmds Info: \pdf@ifprimitive is available.
Package pdftexcmds Info: \pdfdraftmode found.
)
Package epstopdf-base Info: Redefining graphics rule for `.eps' on input line 4
38.
Package grfext Info: Graphics extension search list:
(grfext)             [.pdf,.png,.jpg,.mps,.jpeg,.jbig2,.jb2,.PDF,.PNG,.JPG,.JPE
G,.JBIG2,.JB2,.eps]
(grfext)             \AppendGraphicsExtensions on input line 456.

(/usr/share/texmf-dist/tex/latex/latexconfig/epstopdf-sys.cfg
File: epstopdf-sys.cfg 2010/07/13 v1.3 Configuration of (r)epstopdf for TeX Liv
e
))
LaTeX Font Info:    External font `cmex10' loaded for size
(Font)              <14.4> on input line 10.
LaTeX Font Info:    External font `cmex10' loaded for size
(Font)              <7> on input line 10.


LaTeX Warning: No \author given.

[1

{/var/lib/texmf/fonts/map/pdftex/updmap/pdftex.map}] (output/rnapoly.toc
LaTeX Font Info:    External font `cmex10' loaded for size
(Font)              <12> on input line 3.
LaTeX Font Info:    External font `cmex10' loaded for size
(Font)              <8> on input line 3.
LaTeX Font Info:    External font `cmex10' loaded for size
(Font)              <6> on input line 3.
)
\tf@toc=\write3
\openout3 = `rnapoly.toc'.


[2] (./tex/sterna.tex
<images/Sterna_1.png, id=12, 903.375pt x 526.96875pt>
File: images/Sterna_1.png Graphic file (type png)
<use images/Sterna_1.png>
Package pdftex.def Info: images/Sterna_1.png  used on input line 10.
(pdftex.def)             Requested size: 390.0pt x 227.50076pt.
<images/Sterna_2.png, id=14, 596.2275pt x 368.87813pt>
File: images/Sterna_2.png Graphic file (type png)
<use images/Sterna_2.png>
Package pdftex.def Info: images/Sterna_2.png  used on input line 11.
(pdftex.def)             Requested size: 390.0pt x 241.28766pt.
<images/Sterna_3.png, id=15, 597.73312pt x 359.09157pt>
File: images/Sterna_3.png Graphic file (type png)
<use images/Sterna_3.png>
Package pdftex.def Info: images/Sterna_3.png  used on input line 12.
(pdftex.def)             Requested size: 390.0pt x 234.29439pt.
 [3 <./images/Sterna_1.png>] [4 <./images/Sterna_2.png> <./images/Sterna_3.png 
(PNG copy)>]
<images/Sterna_4.png, id=25, 1237.62375pt x 654.94687pt>
File: images/Sterna_4.png Graphic file (type png)
<use images/Sterna_4.png>
Package pdftex.def Info: images/Sterna_4.png  used on input line 24.
(pdftex.def)             Requested size: 390.0pt x 206.3893pt.
<images/Sterna_5.png, id=26, 1053.9375pt x 602.25pt>
File: images/Sterna_5.png Graphic file (type png)
<use images/Sterna_5.png>
Package pdftex.def Info: images/Sterna_5.png  used on input line 25.
(pdftex.def)             Requested size: 390.0pt x 222.85657pt.
<images/Sterna_7.png, id=27, 1266.23062pt x 616.55344pt>
File: images/Sterna_7.png Graphic file (type png)
<use images/Sterna_7.png>
Package pdftex.def Info: images/Sterna_7.png  used on input line 26.
(pdftex.def)             Requested size: 390.0pt x 189.89716pt.
 [5 <./images/Sterna_4.png>]
<images/Sterna_8.png, id=32, 1053.9375pt x 602.25pt>
File: images/Sterna_8.png Graphic file (type png)
<use images/Sterna_8.png>
Package pdftex.def Info: images/Sterna_8.png  used on input line 29.
(pdftex.def)             Requested size: 390.0pt x 222.85657pt.
<images/Sterna_9.png, id=33, 1053.9375pt x 602.25pt>
File: images/Sterna_9.png Graphic file (type png)
<use images/Sterna_9.png>
Package pdftex.def Info: images/Sterna_9.png  used on input line 30.
(pdftex.def)             Requested size: 390.0pt x 222.85657pt.
<images/Sterna_10.png, id=34, 1038.12843pt x 650.43pt>
File: images/Sterna_10.png Graphic file (type png)
<use images/Sterna_10.png>
Package pdftex.def Info: images/Sterna_10.png  used on input line 31.
(pdftex.def)             Requested size: 390.0pt x 244.34734pt.
 [6 <./images/Sterna_5.png> <./images/Sterna_7.png>] [7 <./images/Sterna_8.png>
 <./images/Sterna_9.png>]
Overfull \hbox (13.47775pt too wide) in paragraph at lines 33--34
\OT1/cmr/m/n/12 Sterna strand gen-er-a-tion is af-fected by nu-mer-ous in-put p
a-ram-e-ters and switches.
 []

LaTeX Font Info:    Try loading font information for OMS+cmr on input line 35.
(/usr/share/texmf-dist/tex/latex/base/omscmr.fd
File: omscmr.fd 2014/09/29 v2.5h Standard LaTeX font definitions
)
LaTeX Font Info:    Font shape `OMS/cmr/m/n' in size <12> not available
(Font)              Font shape `OMS/cmsy/m/n' tried instead on input line 35.
 [8 <./images/Sterna_10.png>])
[9] (./tex/snac.tex) [10] (./tex/snacseq.tex
Overfull \hbox (17.5502pt too wide) in paragraph at lines 8--8
[]                    \OT1/cmtt/m/n/12 [-t THRESHOLD] [-x] [-PPRIMARY_GENERATOR
] snac[] 
 []

[11]) [12] (./tex/pkgen.tex) [13] (./tex/snac2ox.tex
Overfull \hbox (54.60022pt too wide) in paragraph at lines 6--6
[]  \OT1/cmtt/m/n/12 usage: snac2ox.py [-h] [-o OUTPUT] [-x] [-r] [-c] [-t] [-p
] [-g] input[] 
 []

) [14] (output/rnapoly.aux) ) 
Here is how much of TeX's memory you used:
 1544 strings out of 492649
 22122 string characters out of 6135778
 85491 words of memory out of 5000000
 5397 multiletter control sequences out of 15000+600000
 8977 words of font info for 32 fonts, out of 8000000 for 9000
 1141 hyphenation exceptions out of 8191
 41i,6n,25p,841b,195s stack positions out of 5000i,500n,10000p,200000b,80000s
</usr/share/texmf-dist/fonts/type1/public/amsfonts
/cm/cmbx12.pfb></usr/share/texmf-dist/fonts/type1/public/amsfonts/cm/cmr12.pfb>
</usr/share/texmf-dist/fonts/type1/public/amsfonts/cm/cmr17.pfb></usr/share/tex
mf-dist/fonts/type1/public/amsfonts/cm/cmsy10.pfb></usr/share/texmf-dist/fonts/
type1/public/amsfonts/cm/cmtt12.pfb>
Output written on output/rnapoly.pdf (14 pages, 958965 bytes).
PDF statistics:
 88 PDF objects out of 1000 (max. 8388607)
 49 compressed objects within 1 object stream
 0 named destinations out of 1000 (max. 500000)
 46 words of extra memory for PDF output out of 10000 (max. 10000000)

